Temp/gradleOut/unityLibrary/build/intermediates/manifest_merge_blame_file/release/manifest-merger-blame-release-report.txt
1<?xml version="1.0" encoding="utf-8"?>
2<!-- GENERATED BY UNITY. REMOVE THIS COMMENT TO PREVENT OVERWRITING WHEN EXPORTING AGAIN -->
3<manifest xmlns:android="http://schemas.android.com/apk/res/android"
4    xmlns:tools="http://schemas.android.com/tools"
5    package="com.unity3d.player"
6    android:installLocation="auto"
7    android:versionCode="1"
8    android:versionName="0.1" >
9
10    <uses-sdk
11        android:minSdkVersion="23"
11-->src\main\AndroidManifest.xml
12        android:targetSdkVersion="30" />
12-->src\main\AndroidManifest.xml
13
14    <uses-feature android:glEsVersion="0x00030000" />
14-->src\main\AndroidManifest.xml:23:3-52
14-->src\main\AndroidManifest.xml:23:17-49
15
16    <supports-gl-texture android:name="GL_KHR_texture_compression_astc_ldr" />
16-->src\main\AndroidManifest.xml:24:3-77
16-->src\main\AndroidManifest.xml:24:24-74
17
18    <uses-permission android:name="android.permission.INTERNET" />
18-->src\main\AndroidManifest.xml:25:3-65
18-->src\main\AndroidManifest.xml:25:20-62
19
20    <uses-feature
20-->src\main\AndroidManifest.xml:26:3-88
21        android:name="android.hardware.touchscreen"
21-->src\main\AndroidManifest.xml:26:17-60
22        android:required="false" />
22-->src\main\AndroidManifest.xml:26:61-85
23    <uses-feature
23-->src\main\AndroidManifest.xml:27:3-99
24        android:name="android.hardware.touchscreen.multitouch"
24-->src\main\AndroidManifest.xml:27:17-71
25        android:required="false" />
25-->src\main\AndroidManifest.xml:27:72-96
26    <uses-feature
26-->src\main\AndroidManifest.xml:28:3-108
27        android:name="android.hardware.touchscreen.multitouch.distinct"
27-->src\main\AndroidManifest.xml:28:17-80
28        android:required="false" />
28-->src\main\AndroidManifest.xml:28:81-105
29    <uses-feature
29-->src\main\AndroidManifest.xml:29:3-111
30        android:name="android.hardware.vr.headtracking"
30-->src\main\AndroidManifest.xml:29:17-64
31        android:required="true"
31-->src\main\AndroidManifest.xml:29:65-88
32        android:version="1" />
32-->src\main\AndroidManifest.xml:29:89-108
33
34    <application>
34-->src\main\AndroidManifest.xml:4:3-22:17
35        <activity
35-->src\main\AndroidManifest.xml:5:5-14:16
36            android:name="com.unity3d.player.UnityPlayerActivity"
36-->src\main\AndroidManifest.xml:5:15-68
37            android:configChanges="keyboard|keyboardHidden|navigation|orientation|screenLayout|screenSize|uiMode"
37-->src\main\AndroidManifest.xml:5:204-305
38            android:hardwareAccelerated="false"
38-->src\main\AndroidManifest.xml:5:306-341
39            android:launchMode="singleTask"
39-->src\main\AndroidManifest.xml:5:172-203
40            android:screenOrientation="landscape"
40-->src\main\AndroidManifest.xml:5:134-171
41            android:theme="@android:style/Theme.Black.NoTitleBar.Fullscreen" >
41-->src\main\AndroidManifest.xml:5:69-133
42            <intent-filter>
42-->src\main\AndroidManifest.xml:6:7-10:23
43                <action android:name="android.intent.action.MAIN" />
43-->src\main\AndroidManifest.xml:7:9-61
43-->src\main\AndroidManifest.xml:7:17-58
44
45                <category android:name="android.intent.category.LAUNCHER" />
45-->src\main\AndroidManifest.xml:8:9-69
45-->src\main\AndroidManifest.xml:8:19-66
46                <category android:name="com.oculus.intent.category.VR" />
46-->src\main\AndroidManifest.xml:9:9-66
46-->src\main\AndroidManifest.xml:9:19-63
47            </intent-filter>
48
49            <meta-data
49-->src\main\AndroidManifest.xml:11:7-82
50                android:name="unityplayer.UnityActivity"
50-->src\main\AndroidManifest.xml:11:18-58
51                android:value="true" />
51-->src\main\AndroidManifest.xml:11:59-79
52            <meta-data
52-->src\main\AndroidManifest.xml:12:7-78
53                android:name="android.notch_support"
53-->src\main\AndroidManifest.xml:12:18-54
54                android:value="true" />
54-->src\main\AndroidManifest.xml:12:55-75
55            <meta-data
55-->src\main\AndroidManifest.xml:13:7-81
56                android:name="com.oculus.vr.focusaware"
56-->src\main\AndroidManifest.xml:13:18-57
57                android:value="true" />
57-->src\main\AndroidManifest.xml:13:58-78
58        </activity>
59
60        <meta-data
60-->src\main\AndroidManifest.xml:15:5-69
61            android:name="unity.splash-mode"
61-->src\main\AndroidManifest.xml:15:16-48
62            android:value="0" />
62-->src\main\AndroidManifest.xml:15:49-66
63        <meta-data
63-->src\main\AndroidManifest.xml:16:5-74
64            android:name="unity.splash-enable"
64-->src\main\AndroidManifest.xml:16:16-50
65            android:value="True" />
65-->src\main\AndroidManifest.xml:16:51-71
66        <meta-data
66-->src\main\AndroidManifest.xml:17:5-81
67            android:name="notch.config"
67-->src\main\AndroidManifest.xml:17:16-43
68            android:value="portrait|landscape" />
68-->src\main\AndroidManifest.xml:17:44-78
69        <meta-data
69-->src\main\AndroidManifest.xml:18:5-101
70            android:name="unity.build-id"
70-->src\main\AndroidManifest.xml:18:16-45
71            android:value="0db89ee0-bcfe-4ce8-bd20-93943b2068d5" />
71-->src\main\AndroidManifest.xml:18:46-98
72        <meta-data
72-->src\main\AndroidManifest.xml:19:5-97
73            android:name="com.samsung.android.vr.application.mode"
73-->src\main\AndroidManifest.xml:19:16-70
74            android:value="vr_only" />
74-->src\main\AndroidManifest.xml:19:71-94
75        <meta-data
75-->src\main\AndroidManifest.xml:20:5-91
76            android:name="com.unity.xr.oculus.LowOverheadMode"
76-->src\main\AndroidManifest.xml:20:16-66
77            android:value="false" />
77-->src\main\AndroidManifest.xml:20:67-88
78        <meta-data
78-->src\main\AndroidManifest.xml:21:5-90
79            android:name="com.oculus.supportedDevices"
79-->src\main\AndroidManifest.xml:21:16-58
80            android:value="quest|quest2" />
80-->src\main\AndroidManifest.xml:21:59-87
81    </application>
82
83</manifest>